<?xml version="1.0" encoding="UTF-8"?>
<coverage generated="1776276637302" clover="3.2.0">
  <project timestamp="1776276637302" name="All files">
    <metrics statements="75" coveredstatements="66" conditionals="43" coveredconditionals="36" methods="15" coveredmethods="14" elements="133" coveredelements="116" complexity="0" loc="75" ncloc="75" packages="1" files="1" classes="1"/>
    <file name="app.js" path="/home/runner/work/upm-ultras/upm-ultras/app.js">
      <metrics statements="75" coveredstatements="66" conditionals="43" coveredconditionals="36" methods="15" coveredmethods="14"/>
      <line num="1" count="25" type="stmt"/>
      <line num="2" count="25" type="stmt"/>
      <line num="3" count="25" type="stmt"/>
      <line num="4" count="25" type="stmt"/>
      <line num="6" count="25" type="stmt"/>
      <line num="7" count="25" type="stmt"/>
      <line num="8" count="25" type="stmt"/>
      <line num="10" count="25" type="stmt"/>
      <line num="11" count="3" type="stmt"/>
      <line num="13" count="3" type="cond" truecount="1" falsecount="1"/>
      <line num="14" count="0" type="stmt"/>
      <line num="17" count="3" type="stmt"/>
      <line num="18" count="3" type="stmt"/>
      <line num="20" count="3" type="cond" truecount="2" falsecount="0"/>
      <line num="21" count="1" type="stmt"/>
      <line num="22" count="1" type="stmt"/>
      <line num="25" count="2" type="cond" truecount="2" falsecount="0"/>
      <line num="27" count="0" type="stmt"/>
      <line num="28" count="0" type="stmt"/>
      <line num="32" count="25" type="stmt"/>
      <line num="33" count="3" type="stmt"/>
      <line num="35" count="3" type="cond" truecount="2" falsecount="0"/>
      <line num="36" count="2" type="cond" truecount="2" falsecount="0"/>
      <line num="37" count="2" type="stmt"/>
      <line num="39" count="4" type="stmt"/>
      <line num="40" count="2" type="stmt"/>
      <line num="43" count="3" type="cond" truecount="2" falsecount="0"/>
      <line num="44" count="2" type="stmt"/>
      <line num="48" count="25" type="stmt"/>
      <line num="50" count="3" type="stmt"/>
      <line num="51" count="5" type="cond" truecount="2" falsecount="0"/>
      <line num="52" count="3" type="stmt"/>
      <line num="53" count="3" type="stmt"/>
      <line num="60" count="25" type="stmt"/>
      <line num="61" count="14" type="cond" truecount="3" falsecount="1"/>
      <line num="62" count="0" type="stmt"/>
      <line num="65" count="14" type="stmt"/>
      <line num="66" count="14" type="stmt"/>
      <line num="67" count="14" type="stmt"/>
      <line num="70" count="25" type="stmt"/>
      <line num="71" count="10" type="cond" truecount="3" falsecount="1"/>
      <line num="72" count="0" type="stmt"/>
      <line num="75" count="10" type="stmt"/>
      <line num="76" count="10" type="stmt"/>
      <line num="77" count="10" type="stmt"/>
      <line num="80" count="25" type="stmt"/>
      <line num="81" count="25" type="stmt"/>
      <line num="82" count="3" type="stmt"/>
      <line num="86" count="25" type="stmt"/>
      <line num="87" count="192" type="cond" truecount="5" falsecount="0"/>
      <line num="88" count="186" type="stmt"/>
      <line num="91" count="6" type="stmt"/>
      <line num="93" count="6" type="cond" truecount="1" falsecount="1"/>
      <line num="94" count="0" type="stmt"/>
      <line num="97" count="6" type="cond" truecount="3" falsecount="1"/>
      <line num="98" count="0" type="stmt"/>
      <line num="102" count="25" type="stmt"/>
      <line num="103" count="0" type="cond" truecount="0" falsecount="2"/>
      <line num="104" count="0" type="stmt"/>
      <line num="108" count="46" type="stmt"/>
      <line num="109" count="25" type="stmt"/>
      <line num="111" count="25" type="stmt"/>
      <line num="112" count="111" type="cond" truecount="2" falsecount="0"/>
      <line num="113" count="105" type="stmt"/>
      <line num="117" count="25" type="cond" truecount="4" falsecount="0"/>
      <line num="118" count="21" type="stmt"/>
      <line num="120" count="21" type="stmt"/>
      <line num="121" count="1" type="stmt"/>
      <line num="124" count="21" type="stmt"/>
      <line num="125" count="34" type="cond" truecount="2" falsecount="0"/>
      <line num="126" count="13" type="stmt"/>
      <line num="130" count="21" type="stmt"/>
      <line num="131" count="21" type="stmt"/>
      <line num="134" count="25" type="stmt"/>
      <line num="135" count="25" type="stmt"/>
    </file>
  </project>
</coverage>
