{"/home/runner/work/upm-ultras/upm-ultras/app.js": {"path":"/home/runner/work/upm-ultras/upm-ultras/app.js","statementMap":{"0":{"start":{"line":1,"column":23},"end":{"line":1,"column":59}},"1":{"start":{"line":2,"column":18},"end":{"line":2,"column":55}},"2":{"start":{"line":3,"column":17},"end":{"line":3,"column":53}},"3":{"start":{"line":4,"column":19},"end":{"line":4,"column":48}},"4":{"start":{"line":6,"column":31},"end":{"line":6,"column":70}},"5":{"start":{"line":7,"column":31},"end":{"line":7,"column":57}},"6":{"start":{"line":8,"column":29},"end":{"line":8,"column":42}},"7":{"start":{"line":10,"column":25},"end":{"line":30,"column":1}},"8":{"start":{"line":11,"column":18},"end":{"line":11,"column":43}},"9":{"start":{"line":13,"column":2},"end":{"line":15,"column":3}},"10":{"start":{"line":14,"column":4},"end":{"line":14,"column":17}},"11":{"start":{"line":17,"column":2},"end":{"line":29,"column":3}},"12":{"start":{"line":18,"column":22},"end":{"line":18,"column":60}},"13":{"start":{"line":20,"column":4},"end":{"line":23,"column":5}},"14":{"start":{"line":21,"column":6},"end":{"line":21,"column":37}},"15":{"start":{"line":22,"column":6},"end":{"line":22,"column":19}},"16":{"start":{"line":25,"column":4},"end":{"line":25,"column":77}},"17":{"start":{"line":27,"column":4},"end":{"line":27,"column":35}},"18":{"start":{"line":28,"column":4},"end":{"line":28,"column":17}},"19":{"start":{"line":32,"column":19},"end":{"line":46,"column":1}},"20":{"start":{"line":33,"column":29},"end":{"line":33,"column":51}},"21":{"start":{"line":35,"column":2},"end":{"line":41,"column":3}},"22":{"start":{"line":36,"column":24},"end":{"line":36,"column":85}},"23":{"start":{"line":37,"column":19},"end":{"line":37,"column":39}},"24":{"start":{"line":39,"column":4},"end":{"line":39,"column":65}},"25":{"start":{"line":39,"column":46},"end":{"line":39,"column":63}},"26":{"start":{"line":40,"column":4},"end":{"line":40,"column":59}},"27":{"start":{"line":43,"column":2},"end":{"line":45,"column":3}},"28":{"start":{"line":44,"column":4},"end":{"line":44,"column":62}},"29":{"start":{"line":48,"column":17},"end":{"line":58,"column":1}},"30":{"start":{"line":50,"column":4},"end":{"line":55,"column":7}},"31":{"start":{"line":51,"column":6},"end":{"line":54,"column":7}},"32":{"start":{"line":52,"column":8},"end":{"line":52,"column":46}},"33":{"start":{"line":53,"column":8},"end":{"line":53,"column":41}},"34":{"start":{"line":60,"column":18},"end":{"line":68,"column":1}},"35":{"start":{"line":61,"column":2},"end":{"line":63,"column":3}},"36":{"start":{"line":62,"column":4},"end":{"line":62,"column":11}},"37":{"start":{"line":65,"column":2},"end":{"line":65,"column":36}},"38":{"start":{"line":66,"column":2},"end":{"line":66,"column":51}},"39":{"start":{"line":67,"column":2},"end":{"line":67,"column":46}},"40":{"start":{"line":70,"column":19},"end":{"line":78,"column":1}},"41":{"start":{"line":71,"column":2},"end":{"line":73,"column":3}},"42":{"start":{"line":72,"column":4},"end":{"line":72,"column":11}},"43":{"start":{"line":75,"column":17},"end":{"line":75,"column":50}},"44":{"start":{"line":76,"column":2},"end":{"line":76,"column":58}},"45":{"start":{"line":77,"column":2},"end":{"line":77,"column":54}},"46":{"start":{"line":80,"column":28},"end":{"line":84,"column":1}},"47":{"start":{"line":81,"column":2},"end":{"line":83,"column":5}},"48":{"start":{"line":82,"column":4},"end":{"line":82,"column":21}},"49":{"start":{"line":86,"column":24},"end":{"line":100,"column":1}},"50":{"start":{"line":87,"column":2},"end":{"line":89,"column":3}},"51":{"start":{"line":88,"column":4},"end":{"line":88,"column":11}},"52":{"start":{"line":91,"column":17},"end":{"line":91,"column":29}},"53":{"start":{"line":93,"column":2},"end":{"line":95,"column":3}},"54":{"start":{"line":94,"column":4},"end":{"line":94,"column":11}},"55":{"start":{"line":97,"column":2},"end":{"line":99,"column":3}},"56":{"start":{"line":98,"column":4},"end":{"line":98,"column":16}},"57":{"start":{"line":102,"column":17},"end":{"line":106,"column":1}},"58":{"start":{"line":103,"column":2},"end":{"line":105,"column":3}},"59":{"start":{"line":104,"column":4},"end":{"line":104,"column":16}},"60":{"start":{"line":108,"column":0},"end":{"line":108,"column":63}},"61":{"start":{"line":108,"column":36},"end":{"line":108,"column":61}},"62":{"start":{"line":109,"column":0},"end":{"line":109,"column":22}},"63":{"start":{"line":111,"column":0},"end":{"line":115,"column":22}},"64":{"start":{"line":112,"column":2},"end":{"line":114,"column":3}},"65":{"start":{"line":113,"column":4},"end":{"line":113,"column":65}},"66":{"start":{"line":117,"column":0},"end":{"line":132,"column":1}},"67":{"start":{"line":118,"column":2},"end":{"line":118,"column":50}},"68":{"start":{"line":120,"column":2},"end":{"line":122,"column":5}},"69":{"start":{"line":121,"column":4},"end":{"line":121,"column":46}},"70":{"start":{"line":124,"column":2},"end":{"line":128,"column":5}},"71":{"start":{"line":125,"column":4},"end":{"line":127,"column":5}},"72":{"start":{"line":126,"column":6},"end":{"line":126,"column":18}},"73":{"start":{"line":130,"column":2},"end":{"line":130,"column":54}},"74":{"start":{"line":131,"column":2},"end":{"line":131,"column":46}},"75":{"start":{"line":134,"column":0},"end":{"line":134,"column":48}},"76":{"start":{"line":135,"column":0},"end":{"line":135,"column":43}}},"fnMap":{"0":{"name":"(anonymous_0)","decl":{"start":{"line":10,"column":25},"end":{"line":10,"column":26}},"loc":{"start":{"line":10,"column":35},"end":{"line":30,"column":1}},"line":10},"1":{"name":"(anonymous_1)","decl":{"start":{"line":32,"column":19},"end":{"line":32,"column":20}},"loc":{"start":{"line":32,"column":29},"end":{"line":46,"column":1}},"line":32},"2":{"name":"(anonymous_2)","decl":{"start":{"line":39,"column":35},"end":{"line":39,"column":36}},"loc":{"start":{"line":39,"column":46},"end":{"line":39,"column":63}},"line":39},"3":{"name":"(anonymous_3)","decl":{"start":{"line":49,"column":2},"end":{"line":49,"column":3}},"loc":{"start":{"line":49,"column":15},"end":{"line":56,"column":3}},"line":49},"4":{"name":"(anonymous_4)","decl":{"start":{"line":50,"column":20},"end":{"line":50,"column":21}},"loc":{"start":{"line":50,"column":31},"end":{"line":55,"column":5}},"line":50},"5":{"name":"(anonymous_5)","decl":{"start":{"line":60,"column":18},"end":{"line":60,"column":19}},"loc":{"start":{"line":60,"column":24},"end":{"line":68,"column":1}},"line":60},"6":{"name":"(anonymous_6)","decl":{"start":{"line":70,"column":19},"end":{"line":70,"column":20}},"loc":{"start":{"line":70,"column":25},"end":{"line":78,"column":1}},"line":70},"7":{"name":"(anonymous_7)","decl":{"start":{"line":80,"column":28},"end":{"line":80,"column":29}},"loc":{"start":{"line":80,"column":34},"end":{"line":84,"column":1}},"line":80},"8":{"name":"(anonymous_8)","decl":{"start":{"line":81,"column":47},"end":{"line":81,"column":48}},"loc":{"start":{"line":81,"column":57},"end":{"line":83,"column":3}},"line":81},"9":{"name":"(anonymous_9)","decl":{"start":{"line":86,"column":24},"end":{"line":86,"column":25}},"loc":{"start":{"line":86,"column":35},"end":{"line":100,"column":1}},"line":86},"10":{"name":"(anonymous_10)","decl":{"start":{"line":102,"column":17},"end":{"line":102,"column":18}},"loc":{"start":{"line":102,"column":23},"end":{"line":106,"column":1}},"line":102},"11":{"name":"(anonymous_11)","decl":{"start":{"line":108,"column":23},"end":{"line":108,"column":24}},"loc":{"start":{"line":108,"column":36},"end":{"line":108,"column":61}},"line":108},"12":{"name":"(anonymous_12)","decl":{"start":{"line":111,"column":34},"end":{"line":111,"column":35}},"loc":{"start":{"line":111,"column":40},"end":{"line":115,"column":1}},"line":111},"13":{"name":"(anonymous_13)","decl":{"start":{"line":120,"column":41},"end":{"line":120,"column":42}},"loc":{"start":{"line":120,"column":51},"end":{"line":122,"column":3}},"line":120},"14":{"name":"(anonymous_14)","decl":{"start":{"line":124,"column":39},"end":{"line":124,"column":40}},"loc":{"start":{"line":124,"column":50},"end":{"line":128,"column":3}},"line":124}},"branchMap":{"0":{"loc":{"start":{"line":13,"column":2},"end":{"line":15,"column":3}},"type":"if","locations":[{"start":{"line":13,"column":2},"end":{"line":15,"column":3}},{"start":{},"end":{}}],"line":13},"1":{"loc":{"start":{"line":20,"column":4},"end":{"line":23,"column":5}},"type":"if","locations":[{"start":{"line":20,"column":4},"end":{"line":23,"column":5}},{"start":{},"end":{}}],"line":20},"2":{"loc":{"start":{"line":25,"column":11},"end":{"line":25,"column":76}},"type":"binary-expr","locations":[{"start":{"line":25,"column":11},"end":{"line":25,"column":41}},{"start":{"line":25,"column":45},"end":{"line":25,"column":76}}],"line":25},"3":{"loc":{"start":{"line":35,"column":2},"end":{"line":41,"column":3}},"type":"if","locations":[{"start":{"line":35,"column":2},"end":{"line":41,"column":3}},{"start":{},"end":{}}],"line":35},"4":{"loc":{"start":{"line":36,"column":25},"end":{"line":36,"column":55}},"type":"binary-expr","locations":[{"start":{"line":36,"column":25},"end":{"line":36,"column":49}},{"start":{"line":36,"column":53},"end":{"line":36,"column":55}}],"line":36},"5":{"loc":{"start":{"line":43,"column":2},"end":{"line":45,"column":3}},"type":"if","locations":[{"start":{"line":43,"column":2},"end":{"line":45,"column":3}},{"start":{},"end":{}}],"line":43},"6":{"loc":{"start":{"line":51,"column":6},"end":{"line":54,"column":7}},"type":"if","locations":[{"start":{"line":51,"column":6},"end":{"line":54,"column":7}},{"start":{},"end":{}}],"line":51},"7":{"loc":{"start":{"line":61,"column":2},"end":{"line":63,"column":3}},"type":"if","locations":[{"start":{"line":61,"column":2},"end":{"line":63,"column":3}},{"start":{},"end":{}}],"line":61},"8":{"loc":{"start":{"line":61,"column":6},"end":{"line":61,"column":29}},"type":"binary-expr","locations":[{"start":{"line":61,"column":6},"end":{"line":61,"column":15}},{"start":{"line":61,"column":19},"end":{"line":61,"column":29}}],"line":61},"9":{"loc":{"start":{"line":71,"column":2},"end":{"line":73,"column":3}},"type":"if","locations":[{"start":{"line":71,"column":2},"end":{"line":73,"column":3}},{"start":{},"end":{}}],"line":71},"10":{"loc":{"start":{"line":71,"column":6},"end":{"line":71,"column":29}},"type":"binary-expr","locations":[{"start":{"line":71,"column":6},"end":{"line":71,"column":15}},{"start":{"line":71,"column":19},"end":{"line":71,"column":29}}],"line":71},"11":{"loc":{"start":{"line":87,"column":2},"end":{"line":89,"column":3}},"type":"if","locations":[{"start":{"line":87,"column":2},"end":{"line":89,"column":3}},{"start":{},"end":{}}],"line":87},"12":{"loc":{"start":{"line":87,"column":6},"end":{"line":87,"column":69}},"type":"binary-expr","locations":[{"start":{"line":87,"column":6},"end":{"line":87,"column":15}},{"start":{"line":87,"column":19},"end":{"line":87,"column":29}},{"start":{"line":87,"column":33},"end":{"line":87,"column":69}}],"line":87},"13":{"loc":{"start":{"line":93,"column":2},"end":{"line":95,"column":3}},"type":"if","locations":[{"start":{"line":93,"column":2},"end":{"line":95,"column":3}},{"start":{},"end":{}}],"line":93},"14":{"loc":{"start":{"line":97,"column":2},"end":{"line":99,"column":3}},"type":"if","locations":[{"start":{"line":97,"column":2},"end":{"line":99,"column":3}},{"start":{},"end":{}}],"line":97},"15":{"loc":{"start":{"line":97,"column":6},"end":{"line":97,"column":63}},"type":"binary-expr","locations":[{"start":{"line":97,"column":6},"end":{"line":97,"column":32}},{"start":{"line":97,"column":36},"end":{"line":97,"column":63}}],"line":97},"16":{"loc":{"start":{"line":103,"column":2},"end":{"line":105,"column":3}},"type":"if","locations":[{"start":{"line":103,"column":2},"end":{"line":105,"column":3}},{"start":{},"end":{}}],"line":103},"17":{"loc":{"start":{"line":112,"column":2},"end":{"line":114,"column":3}},"type":"if","locations":[{"start":{"line":112,"column":2},"end":{"line":114,"column":3}},{"start":{},"end":{}}],"line":112},"18":{"loc":{"start":{"line":117,"column":0},"end":{"line":132,"column":1}},"type":"if","locations":[{"start":{"line":117,"column":0},"end":{"line":132,"column":1}},{"start":{},"end":{}}],"line":117},"19":{"loc":{"start":{"line":117,"column":4},"end":{"line":117,"column":25}},"type":"binary-expr","locations":[{"start":{"line":117,"column":4},"end":{"line":117,"column":13}},{"start":{"line":117,"column":17},"end":{"line":117,"column":25}}],"line":117},"20":{"loc":{"start":{"line":125,"column":4},"end":{"line":127,"column":5}},"type":"if","locations":[{"start":{"line":125,"column":4},"end":{"line":127,"column":5}},{"start":{},"end":{}}],"line":125}},"s":{"0":25,"1":25,"2":25,"3":25,"4":25,"5":25,"6":25,"7":25,"8":3,"9":3,"10":0,"11":3,"12":3,"13":3,"14":1,"15":1,"16":2,"17":0,"18":0,"19":25,"20":3,"21":3,"22":2,"23":2,"24":2,"25":4,"26":2,"27":3,"28":2,"29":25,"30":3,"31":5,"32":3,"33":3,"34":25,"35":14,"36":0,"37":14,"38":14,"39":14,"40":25,"41":10,"42":0,"43":10,"44":10,"45":10,"46":25,"47":25,"48":3,"49":25,"50":192,"51":186,"52":6,"53":6,"54":0,"55":6,"56":0,"57":25,"58":0,"59":0,"60":25,"61":46,"62":25,"63":25,"64":111,"65":105,"66":25,"67":21,"68":21,"69":1,"70":21,"71":34,"72":13,"73":21,"74":21,"75":25,"76":25},"f":{"0":3,"1":3,"2":4,"3":3,"4":5,"5":14,"6":10,"7":25,"8":3,"9":192,"10":0,"11":46,"12":111,"13":1,"14":34},"b":{"0":[0,3],"1":[1,2],"2":[2,1],"3":[2,1],"4":[2,2],"5":[2,1],"6":[3,2],"7":[0,14],"8":[14,14],"9":[0,10],"10":[10,10],"11":[186,6],"12":[192,192,192],"13":[0,6],"14":[0,6],"15":[6,6],"16":[0,0],"17":[105,6],"18":[21,4],"19":[25,23],"20":[13,21]},"_coverageSchema":"1a1c01bbd47fc00a2c39e90264f33305004495a9","hash":"f23dc93a7edacb3bb1d3a72ddb6cce746d0b5f3c"}
}
