TN:
SF:app.js
FN:10,(anonymous_0)
FN:32,(anonymous_1)
FN:39,(anonymous_2)
FN:49,(anonymous_3)
FN:50,(anonymous_4)
FN:60,(anonymous_5)
FN:70,(anonymous_6)
FN:80,(anonymous_7)
FN:81,(anonymous_8)
FN:86,(anonymous_9)
FN:102,(anonymous_10)
FN:108,(anonymous_11)
FN:111,(anonymous_12)
FN:120,(anonymous_13)
FN:124,(anonymous_14)
FNF:15
FNH:14
FNDA:3,(anonymous_0)
FNDA:3,(anonymous_1)
FNDA:4,(anonymous_2)
FNDA:3,(anonymous_3)
FNDA:5,(anonymous_4)
FNDA:14,(anonymous_5)
FNDA:10,(anonymous_6)
FNDA:25,(anonymous_7)
FNDA:3,(anonymous_8)
FNDA:192,(anonymous_9)
FNDA:0,(anonymous_10)
FNDA:46,(anonymous_11)
FNDA:111,(anonymous_12)
FNDA:1,(anonymous_13)
FNDA:34,(anonymous_14)
DA:1,25
DA:2,25
DA:3,25
DA:4,25
DA:6,25
DA:7,25
DA:8,25
DA:10,25
DA:11,3
DA:13,3
DA:14,0
DA:17,3
DA:18,3
DA:20,3
DA:21,1
DA:22,1
DA:25,2
DA:27,0
DA:28,0
DA:32,25
DA:33,3
DA:35,3
DA:36,2
DA:37,2
DA:39,4
DA:40,2
DA:43,3
DA:44,2
DA:48,25
DA:50,3
DA:51,5
DA:52,3
DA:53,3
DA:60,25
DA:61,14
DA:62,0
DA:65,14
DA:66,14
DA:67,14
DA:70,25
DA:71,10
DA:72,0
DA:75,10
DA:76,10
DA:77,10
DA:80,25
DA:81,25
DA:82,3
DA:86,25
DA:87,192
DA:88,186
DA:91,6
DA:93,6
DA:94,0
DA:97,6
DA:98,0
DA:102,25
DA:103,0
DA:104,0
DA:108,46
DA:109,25
DA:111,25
DA:112,111
DA:113,105
DA:117,25
DA:118,21
DA:120,21
DA:121,1
DA:124,21
DA:125,34
DA:126,13
DA:130,21
DA:131,21
DA:134,25
DA:135,25
LF:75
LH:66
BRDA:13,0,0,0
BRDA:13,0,1,3
BRDA:20,1,0,1
BRDA:20,1,1,2
BRDA:25,2,0,2
BRDA:25,2,1,1
BRDA:35,3,0,2
BRDA:35,3,1,1
BRDA:36,4,0,2
BRDA:36,4,1,2
BRDA:43,5,0,2
BRDA:43,5,1,1
BRDA:51,6,0,3
BRDA:51,6,1,2
BRDA:61,7,0,0
BRDA:61,7,1,14
BRDA:61,8,0,14
BRDA:61,8,1,14
BRDA:71,9,0,0
BRDA:71,9,1,10
BRDA:71,10,0,10
BRDA:71,10,1,10
BRDA:87,11,0,186
BRDA:87,11,1,6
BRDA:87,12,0,192
BRDA:87,12,1,192
BRDA:87,12,2,192
BRDA:93,13,0,0
BRDA:93,13,1,6
BRDA:97,14,0,0
BRDA:97,14,1,6
BRDA:97,15,0,6
BRDA:97,15,1,6
BRDA:103,16,0,0
BRDA:103,16,1,0
BRDA:112,17,0,105
BRDA:112,17,1,6
BRDA:117,18,0,21
BRDA:117,18,1,4
BRDA:117,19,0,25
BRDA:117,19,1,23
BRDA:125,20,0,13
BRDA:125,20,1,21
BRF:43
BRH:36
end_of_record
